<?xml version="1.0" encoding="UTF-8"?>
<!-- Generated by org.testng.reporters.JUnitReportReporter -->
<testsuite skipped="0" hostname="SJCBHAVINP1" name="pomFramework.pomFramework.Testing" tests="1" failures="0" timestamp="08 Jun 2018 04:27:58 GMT" time="48.091" errors="0">
  <testcase name="umplogin" time="48.091" classname="pomFramework.pomFramework.Testing"/>
</testsuite> <!-- pomFramework.pomFramework.Testing -->
