<?xml version="1.0" encoding="UTF-8"?>
<!-- Generated by org.testng.reporters.JUnitReportReporter -->
<testsuite skipped="0" hostname="SJCBHAVINP1" name="pomFramework.Testing" tests="1" failures="0" timestamp="09 Jun 2018 00:33:14 GMT" time="27.147" errors="0">
  <testcase name="umplogin" time="27.147" classname="pomFramework.Testing"/>
</testsuite> <!-- pomFramework.Testing -->
