<?xml version="1.0" encoding="UTF-8"?>
<!-- Generated by org.testng.reporters.JUnitReportReporter -->
<testsuite skipped="0" hostname="SJCBHAVINP1" name="pomFramework.Testing" tests="1" failures="0" timestamp="18 Jun 2018 23:37:15 GMT" time="19.049" errors="0">
  <testcase name="umplogin" time="19.049" classname="pomFramework.Testing"/>
</testsuite> <!-- pomFramework.Testing -->
